# JRE version: Java(TM) SE Runtime Environment (8.0_161-b12) (build 1.8.0_161-b12)
# Java VM: Java HotSpot(TM) 64-Bit Server VM (25.161-b12 mixed mode windows-amd64 compressed oops)
Heap:
 PSYoungGen      total 138240K, used 9993K [0x00000000eb400000, 0x0000000100000000, 0x0000000100000000)
  eden space 124928K, 7% used [0x00000000eb400000,0x00000000ebdc26b0,0x00000000f2e00000)
  from space 13312K, 0% used [0x00000000f2e00000,0x00000000f2e00000,0x00000000f3b00000)
  to   space 110080K, 0% used [0x00000000f9480000,0x00000000f9480000,0x0000000100000000)
 ParOldGen       total 600064K, used 379216K [0x00000000c1c00000, 0x00000000e6600000, 0x00000000eb400000)
  object space 600064K, 63% used [0x00000000c1c00000,0x00000000d8e540a0,0x00000000e6600000)
 Metaspace       used 13017K, capacity 13290K, committed 13568K, reserved 1060864K
  class space    used 1672K, capacity 1785K, committed 1792K, reserved 1048576K
GC Heap History (10 events):
Event: 34.876 GC heap before
{Heap before GC invocations=42 (full 13):
 PSYoungGen      total 138240K, used 124928K [0x00000000eb400000, 0x0000000100000000, 0x0000000100000000)
  eden space 124928K, 100% used [0x00000000eb400000,0x00000000f2e00000,0x00000000f2e00000)
  from space 13312K, 0% used [0x00000000f2e00000,0x00000000f2e00000,0x00000000f3b00000)
  to   space 110080K, 0% used [0x00000000f9480000,0x00000000f9480000,0x0000000100000000)
 ParOldGen       total 600064K, used 564749K [0x00000000c1c00000, 0x00000000e6600000, 0x00000000eb400000)
  object space 600064K, 94% used [0x00000000c1c00000,0x00000000e4383778,0x00000000e6600000)
 Metaspace       used 13017K, capacity 13290K, committed 13568K, reserved 1060864K
  class space    used 1672K, capacity 1785K, committed 1792K, reserved 1048576K
Event: 35.872 GC heap after
Heap after GC invocations=42 (full 13):
 PSYoungGen      total 138240K, used 0K [0x00000000eb400000, 0x0000000100000000, 0x0000000100000000)
  eden space 124928K, 0% used [0x00000000eb400000,0x00000000eb400000,0x00000000f2e00000)
  from space 13312K, 0% used [0x00000000f2e00000,0x00000000f2e00000,0x00000000f3b00000)
  to   space 110080K, 0% used [0x00000000f9480000,0x00000000f9480000,0x0000000100000000)
 ParOldGen       total 600064K, used 333001K [0x00000000c1c00000, 0x00000000e6600000, 0x00000000eb400000)
  object space 600064K, 55% used [0x00000000c1c00000,0x00000000d6132490,0x00000000e6600000)
 Metaspace       used 13017K, capacity 13290K, committed 13568K, reserved 1060864K
  class space    used 1672K, capacity 1785K, committed 1792K, reserved 1048576K
}
Event: 36.667 GC heap before
{Heap before GC invocations=43 (full 14):
 PSYoungGen      total 138240K, used 124928K [0x00000000eb400000, 0x0000000100000000, 0x0000000100000000)
  eden space 124928K, 100% used [0x00000000eb400000,0x00000000f2e00000,0x00000000f2e00000)
  from space 13312K, 0% used [0x00000000f2e00000,0x00000000f2e00000,0x00000000f3b00000)
  to   space 110080K, 0% used [0x00000000f9480000,0x00000000f9480000,0x0000000100000000)
 ParOldGen       total 600064K, used 504404K [0x00000000c1c00000, 0x00000000e6600000, 0x00000000eb400000)
  object space 600064K, 84% used [0x00000000c1c00000,0x00000000e08951f8,0x00000000e6600000)
 Metaspace       used 13017K, capacity 13290K, committed 13568K, reserved 1060864K
  class space    used 1672K, capacity 1785K, committed 1792K, reserved 1048576K
Event: 37.598 GC heap after
Heap after GC invocations=43 (full 14):
 PSYoungGen      total 138240K, used 0K [0x00000000eb400000, 0x0000000100000000, 0x0000000100000000)
  eden space 124928K, 0% used [0x00000000eb400000,0x00000000eb400000,0x00000000f2e00000)
  from space 13312K, 0% used [0x00000000f2e00000,0x00000000f2e00000,0x00000000f3b00000)
  to   space 110080K, 0% used [0x00000000f9480000,0x00000000f9480000,0x0000000100000000)
 ParOldGen       total 600064K, used 345621K [0x00000000c1c00000, 0x00000000e6600000, 0x00000000eb400000)
  object space 600064K, 57% used [0x00000000c1c00000,0x00000000d6d85518,0x00000000e6600000)
 Metaspace       used 13017K, capacity 13290K, committed 13568K, reserved 1060864K
  class space    used 1672K, capacity 1785K, committed 1792K, reserved 1048576K
}
Event: 38.266 GC heap before
{Heap before GC invocations=44 (full 15):
 PSYoungGen      total 138240K, used 124928K [0x00000000eb400000, 0x0000000100000000, 0x0000000100000000)
  eden space 124928K, 100% used [0x00000000eb400000,0x00000000f2e00000,0x00000000f2e00000)
  from space 13312K, 0% used [0x00000000f2e00000,0x00000000f2e00000,0x00000000f3b00000)
  to   space 110080K, 0% used [0x00000000f9480000,0x00000000f9480000,0x0000000100000000)
 ParOldGen       total 600064K, used 523169K [0x00000000c1c00000, 0x00000000e6600000, 0x00000000eb400000)
  object space 600064K, 87% used [0x00000000c1c00000,0x00000000e1ae8430,0x00000000e6600000)
 Metaspace       used 13017K, capacity 13290K, committed 13568K, reserved 1060864K
  class space    used 1672K, capacity 1785K, committed 1792K, reserved 1048576K
Event: 39.145 GC heap after
Heap after GC invocations=44 (full 15):
 PSYoungGen      total 138240K, used 0K [0x00000000eb400000, 0x0000000100000000, 0x0000000100000000)
  eden space 124928K, 0% used [0x00000000eb400000,0x00000000eb400000,0x00000000f2e00000)
  from space 13312K, 0% used [0x00000000f2e00000,0x00000000f2e00000,0x00000000f3b00000)
  to   space 110080K, 0% used [0x00000000f9480000,0x00000000f9480000,0x0000000100000000)
 ParOldGen       total 600064K, used 357521K [0x00000000c1c00000, 0x00000000e6600000, 0x00000000eb400000)
  object space 600064K, 59% used [0x00000000c1c00000,0x00000000d79246a8,0x00000000e6600000)
 Metaspace       used 13017K, capacity 13290K, committed 13568K, reserved 1060864K
  class space    used 1672K, capacity 1785K, committed 1792K, reserved 1048576K
}
Event: 39.807 GC heap before
{Heap before GC invocations=45 (full 16):
 PSYoungGen      total 138240K, used 124928K [0x00000000eb400000, 0x0000000100000000, 0x0000000100000000)
  eden space 124928K, 100% used [0x00000000eb400000,0x00000000f2e00000,0x00000000f2e00000)
  from space 13312K, 0% used [0x00000000f2e00000,0x00000000f2e00000,0x00000000f3b00000)
  to   space 110080K, 0% used [0x00000000f9480000,0x00000000f9480000,0x0000000100000000)
 ParOldGen       total 600064K, used 541213K [0x00000000c1c00000, 0x00000000e6600000, 0x00000000eb400000)
  object space 600064K, 90% used [0x00000000c1c00000,0x00000000e2c87770,0x00000000e6600000)
 Metaspace       used 13017K, capacity 13290K, committed 13568K, reserved 1060864K
  class space    used 1672K, capacity 1785K, committed 1792K, reserved 1048576K
Event: 40.697 GC heap after
Heap after GC invocations=45 (full 16):
 PSYoungGen      total 138240K, used 0K [0x00000000eb400000, 0x0000000100000000, 0x0000000100000000)
  eden space 124928K, 0% used [0x00000000eb400000,0x00000000eb400000,0x00000000f2e00000)
  from space 13312K, 0% used [0x00000000f2e00000,0x00000000f2e00000,0x00000000f3b00000)
  to   space 110080K, 0% used [0x00000000f9480000,0x00000000f9480000,0x0000000100000000)
 ParOldGen       total 600064K, used 368702K [0x00000000c1c00000, 0x00000000e6600000, 0x00000000eb400000)
  object space 600064K, 61% used [0x00000000c1c00000,0x00000000d840fa18,0x00000000e6600000)
 Metaspace       used 13017K, capacity 13290K, committed 13568K, reserved 1060864K
  class space    used 1672K, capacity 1785K, committed 1792K, reserved 1048576K
}
Event: 41.338 GC heap before
{Heap before GC invocations=46 (full 17):
 PSYoungGen      total 138240K, used 124928K [0x00000000eb400000, 0x0000000100000000, 0x0000000100000000)
  eden space 124928K, 100% used [0x00000000eb400000,0x00000000f2e00000,0x00000000f2e00000)
  from space 13312K, 0% used [0x00000000f2e00000,0x00000000f2e00000,0x00000000f3b00000)
  to   space 110080K, 0% used [0x00000000f9480000,0x00000000f9480000,0x0000000100000000)
 ParOldGen       total 600064K, used 558539K [0x00000000c1c00000, 0x00000000e6600000, 0x00000000eb400000)
  object space 600064K, 93% used [0x00000000c1c00000,0x00000000e3d72c90,0x00000000e6600000)
 Metaspace       used 13017K, capacity 13290K, committed 13568K, reserved 1060864K
  class space    used 1672K, capacity 1785K, committed 1792K, reserved 1048576K
Event: 42.456 GC heap after
Heap after GC invocations=46 (full 17):
 PSYoungGen      total 138240K, used 0K [0x00000000eb400000, 0x0000000100000000, 0x0000000100000000)
  eden space 124928K, 0% used [0x00000000eb400000,0x00000000eb400000,0x00000000f2e00000)
  from space 13312K, 0% used [0x00000000f2e00000,0x00000000f2e00000,0x00000000f3b00000)
  to   space 110080K, 0% used [0x00000000f9480000,0x00000000f9480000,0x0000000100000000)
 ParOldGen       total 600064K, used 379216K [0x00000000c1c00000, 0x00000000e6600000, 0x00000000eb400000)
  object space 600064K, 63% used [0x00000000c1c00000,0x00000000d8e540a0,0x00000000e6600000)
 Metaspace       used 13017K, capacity 13290K, committed 13568K, reserved 1060864K
  class space    used 1672K, capacity 1785K, committed 1792K, reserved 1048576K
}

